Gramática

    0 $accept: E $end

    1 E: E TPLUS E
    2  | E TMINUS E
    3  | E TMUL E
    4  | E TDIV E
    5  | TIDENTIFIER
    6  | TINTEGER
    7  | TDOUBLE


Terminales con las reglas donde aparecen

$end (0) 0
error (256)
TIDENTIFIER (258) 5
TINTEGER (259) 6
TDOUBLE (260) 7
TPLUS (261) 1
TMINUS (262) 2
TMUL (263) 3
TDIV (264) 4


No terminales con las reglas donde aparecen

$accept (10)
    en la izquierda: 0
E (11)
    en la izquierda: 1 2 3 4 5 6 7, en la derecha: 0 1 2 3 4


Estado 0

    0 $accept: . E $end
    1 E: . E TPLUS E
    2  | . E TMINUS E
    3  | . E TMUL E
    4  | . E TDIV E
    5  | . TIDENTIFIER
    6  | . TINTEGER
    7  | . TDOUBLE

    TIDENTIFIER  desplazar e ir al estado 1
    TINTEGER     desplazar e ir al estado 2
    TDOUBLE      desplazar e ir al estado 3

    E  ir al estado 4


Estado 1

    5 E: TIDENTIFIER .

    $default  reduce usando la regla 5 (E)


Estado 2

    6 E: TINTEGER .

    $default  reduce usando la regla 6 (E)


Estado 3

    7 E: TDOUBLE .

    $default  reduce usando la regla 7 (E)


Estado 4

    0 $accept: E . $end
    1 E: E . TPLUS E
    2  | E . TMINUS E
    3  | E . TMUL E
    4  | E . TDIV E

    $end    desplazar e ir al estado 5
    TPLUS   desplazar e ir al estado 6
    TMINUS  desplazar e ir al estado 7
    TMUL    desplazar e ir al estado 8
    TDIV    desplazar e ir al estado 9


Estado 5

    0 $accept: E $end .

    $default  aceptar


Estado 6

    1 E: . E TPLUS E
    1  | E TPLUS . E
    2  | . E TMINUS E
    3  | . E TMUL E
    4  | . E TDIV E
    5  | . TIDENTIFIER
    6  | . TINTEGER
    7  | . TDOUBLE

    TIDENTIFIER  desplazar e ir al estado 1
    TINTEGER     desplazar e ir al estado 2
    TDOUBLE      desplazar e ir al estado 3

    E  ir al estado 10


Estado 7

    1 E: . E TPLUS E
    2  | . E TMINUS E
    2  | E TMINUS . E
    3  | . E TMUL E
    4  | . E TDIV E
    5  | . TIDENTIFIER
    6  | . TINTEGER
    7  | . TDOUBLE

    TIDENTIFIER  desplazar e ir al estado 1
    TINTEGER     desplazar e ir al estado 2
    TDOUBLE      desplazar e ir al estado 3

    E  ir al estado 11


Estado 8

    1 E: . E TPLUS E
    2  | . E TMINUS E
    3  | . E TMUL E
    3  | E TMUL . E
    4  | . E TDIV E
    5  | . TIDENTIFIER
    6  | . TINTEGER
    7  | . TDOUBLE

    TIDENTIFIER  desplazar e ir al estado 1
    TINTEGER     desplazar e ir al estado 2
    TDOUBLE      desplazar e ir al estado 3

    E  ir al estado 12


Estado 9

    1 E: . E TPLUS E
    2  | . E TMINUS E
    3  | . E TMUL E
    4  | . E TDIV E
    4  | E TDIV . E
    5  | . TIDENTIFIER
    6  | . TINTEGER
    7  | . TDOUBLE

    TIDENTIFIER  desplazar e ir al estado 1
    TINTEGER     desplazar e ir al estado 2
    TDOUBLE      desplazar e ir al estado 3

    E  ir al estado 13


Estado 10

    1 E: E . TPLUS E
    1  | E TPLUS E .  [$end, TPLUS, TMINUS]
    2  | E . TMINUS E
    3  | E . TMUL E
    4  | E . TDIV E

    TMUL  desplazar e ir al estado 8
    TDIV  desplazar e ir al estado 9

    $default  reduce usando la regla 1 (E)

    El conflicto entre la regla 1 y el terminal TPLUS se resuelve como reducción (%left TPLUS).
    El conflicto entre la regla 1 y el terminal TMINUS se resuelve como reducción (%left TMINUS).
    El conflicto entre la regla 1 y el aviso TMUL se resuelve como cambio. (TPLUS < TMUL).
    El conflicto entre la regla 1 y el aviso TDIV se resuelve como cambio. (TPLUS < TDIV).


Estado 11

    1 E: E . TPLUS E
    2  | E . TMINUS E
    2  | E TMINUS E .  [$end, TPLUS, TMINUS]
    3  | E . TMUL E
    4  | E . TDIV E

    TMUL  desplazar e ir al estado 8
    TDIV  desplazar e ir al estado 9

    $default  reduce usando la regla 2 (E)

    El conflicto entre la regla 2 y el terminal TPLUS se resuelve como reducción (%left TPLUS).
    El conflicto entre la regla 2 y el terminal TMINUS se resuelve como reducción (%left TMINUS).
    El conflicto entre la regla 2 y el aviso TMUL se resuelve como cambio. (TMINUS < TMUL).
    El conflicto entre la regla 2 y el aviso TDIV se resuelve como cambio. (TMINUS < TDIV).


Estado 12

    1 E: E . TPLUS E
    2  | E . TMINUS E
    3  | E . TMUL E
    3  | E TMUL E .  [$end, TPLUS, TMINUS, TMUL, TDIV]
    4  | E . TDIV E

    $default  reduce usando la regla 3 (E)

    El conflicto entre la regla 3 y el terminal TPLUS se resuelve como reducción (TPLUS < TMUL).
    El conflicto entre la regla 3 y el terminal TMINUS se resuelve como reducción (TMINUS < TMUL).
    El conflicto entre la regla 3 y el terminal TMUL se resuelve como reducción (%left TMUL).
    El conflicto entre la regla 3 y el terminal TDIV se resuelve como reducción (%left TDIV).


Estado 13

    1 E: E . TPLUS E
    2  | E . TMINUS E
    3  | E . TMUL E
    4  | E . TDIV E
    4  | E TDIV E .  [$end, TPLUS, TMINUS, TMUL, TDIV]

    $default  reduce usando la regla 4 (E)

    El conflicto entre la regla 4 y el terminal TPLUS se resuelve como reducción (TPLUS < TDIV).
    El conflicto entre la regla 4 y el terminal TMINUS se resuelve como reducción (TMINUS < TDIV).
    El conflicto entre la regla 4 y el terminal TMUL se resuelve como reducción (%left TMUL).
    El conflicto entre la regla 4 y el terminal TDIV se resuelve como reducción (%left TDIV).
